error: plugin client trait `SomeClientApi` should use `*Client` suffix, not `*ClientApi` (DE0503)
  --> $DIR/client_api_bad.rs:6:1
   |
LL | / pub trait SomeClientApi: Send + Sync {
LL | |     async fn get_data(&self) -> Result<(), ()>;
LL | | }
   | |_^
   |
   = help: rename trait to `SomeClient` to follow plugin client naming conventions
   = note: `#[deny(de0503_plugin_client_suffix)]` on by default

error: plugin client trait `ThrPluginClientApiV1` should use `*Client` suffix, not `*ClientApi` (DE0503)
  --> $DIR/client_api_bad.rs:12:1
   |
LL | / pub trait ThrPluginClientApiV1: Send + Sync {
LL | |     async fn resolve(&self) -> Result<(), ()>;
LL | | }
   | |_^
   |
   = help: rename trait to `ThrPluginClientV1` to follow plugin client naming conventions

error: aborting due to 2 previous errors

