error: gts_make_instance_id expects a single GTS segment, got: 'vendor.package.sku.abc.v1~a.b.c' (DE0901)
  --> $DIR/invalid_cases.rs:28:16
   |
LL |     let _id1 = ProductV1::<()>::gts_make_instance_id("vendor.package.sku.abc.v1~a.b.c");
   |                ^^^^^^^^^^^^^^^^^^^^^^^^^^^^^^^^^^^^^^^^^^^^^^^^^^^^^^^^^^^^^^^^^^^^^^^^
   |
   = help: Example: vendor.package.sku.abc.v1
   = note: `#[deny(de0901_gts_string_pattern)]` on by default

error: invalid GTS segment: 'vendor.package.sku.v1' (DE0901)
  --> $DIR/invalid_cases.rs:32:16
   |
LL |     let _id2 = ProductV1::<()>::gts_make_instance_id("vendor.package.sku.v1");
   |                ^^^^^^^^^^^^^^^^^^^^^^^^^^^^^^^^^^^^^^^^^^^^^^^^^^^^^^^^^^^^^^
   |
   = note: Invalid GTS segment #0 @ offset 0: 'vendor.package.sku.v1': Too few tokens (got 4, min 5). Expected format: vendor.package.namespace.type.vMAJOR[.MINOR]
   = help: Example: vendor.package.sku.abc.v1

error: gts_make_instance_id expects a single GTS segment, got: 'vendor.package.sku.abc.v1~' (DE0901)
  --> $DIR/invalid_cases.rs:36:16
   |
LL |     let _id3 = ProductV1::<()>::gts_make_instance_id("vendor.package.sku.abc.v1~");
   |                ^^^^^^^^^^^^^^^^^^^^^^^^^^^^^^^^^^^^^^^^^^^^^^^^^^^^^^^^^^^^^^^^^^^
   |
   = help: Example: vendor.package.sku.abc.v1

error: wildcards are not allowed in instance id segments: 'vendor.package.*.abc.v1' (DE0901)
  --> $DIR/invalid_cases.rs:40:16
   |
LL |     let _id4 = ProductV1::<()>::gts_make_instance_id("vendor.package.*.abc.v1");
   |                ^^^^^^^^^^^^^^^^^^^^^^^^^^^^^^^^^^^^^^^^^^^^^^^^^^^^^^^^^^^^^^^^
   |
   = help: Example: vendor.package.sku.abc.v1

error: gts_make_instance_id expects a single GTS segment, got: 'vendor.package.sku.abc.v1~a.b.c.d.v1' (DE0901)
  --> $DIR/invalid_cases.rs:44:16
   |
LL |     let _id1 = ProductV1::<()>::gts_make_instance_id("vendor.package.sku.abc.v1~a.b.c.d.v1");
   |                ^^^^^^^^^^^^^^^^^^^^^^^^^^^^^^^^^^^^^^^^^^^^^^^^^^^^^^^^^^^^^^^^^^^^^^^^^^^^^
   |
   = help: Example: vendor.package.sku.abc.v1

error: invalid GTS string: 'gts.x.core.lic.feat.v1~x.core.global.base' (DE0901)
  --> $DIR/invalid_cases.rs:48:14
   |
LL |     let _s = "gts.x.core.lic.feat.v1~x.core.global.base";
   |              ^^^^^^^^^^^^^^^^^^^^^^^^^^^^^^^^^^^^^^^^^^^
   |
   = note: Invalid GTS segment #2 @ offset 23: 'x.core.global.base': Too few tokens (got 4, min 5). Expected format: vendor.package.namespace.type.vMAJOR[.MINOR]

error: invalid GTS string: 'gts.x.core.events.type.v1' (DE0901)
  --> $DIR/invalid_cases.rs:52:14
   |
LL |     let _s = "gts.x.core.events.type.v1";
   |              ^^^^^^^^^^^^^^^^^^^^^^^^^^^
   |
   = note: Invalid GTS identifier: gts.x.core.events.type.v1: Single-segment instance IDs are prohibited. Instance IDs must be chained with at least one type segment (e.g., 'type~instance')

error: invalid GTS string (wildcards not allowed): 'gts.x.core.events.type.*' (DE0901)
  --> $DIR/invalid_cases.rs:56:14
   |
LL |     let _s = "gts.x.core.events.type.*";
   |              ^^^^^^^^^^^^^^^^^^^^^^^^^^
   |
   = note: Wildcards (*) are only allowed in permission strings, not in regular GTS identifiers
   = help: Use concrete type names

error: GTS wildcard string in `const`/`static` `BAD_PATTERN` must have a name ending with `_WILDCARD` (DE0901)
  --> $DIR/invalid_cases.rs:68:1
   |
LL | const BAD_PATTERN: &str = "gts.x.core.srr.resource.v1~*";
   | ^^^^^^^^^^^^^^^^^^^^^^^^^^^^^^^^^^^^^^^^^^^^^^^^^^^^^^^^^
   |
   = note: found wildcard GTS pattern `gts.x.core.srr.resource.v1~*` stored in `BAD_PATTERN`
   = help: rename to `BAD_PATTERN_WILDCARD` or use a non-wildcard value

error: aborting due to 9 previous errors

