error: direct sqlx type usage detected: `sqlx::Error` (DE0706)
  --> $DIR/bad_sqlx_types.rs:8:10
   |
LL |     err: sqlx::Error,
   |          ^^^^^^^^^^^
   |
   = help: use Sea-ORM EntityTrait or SecORM abstractions instead
   = note: sqlx bypasses security enforcement and architectural patterns
   = note: `#[deny(de0706_no_direct_sqlx)]` on by default

error: direct sqlx type usage detected: `sqlx::Error` (DE0706)
  --> $DIR/bad_sqlx_types.rs:12:24
   |
LL | fn handle_error(_err: &sqlx::Error) {}
   |                        ^^^^^^^^^^^
   |
   = help: use Sea-ORM EntityTrait or SecORM abstractions instead
   = note: sqlx bypasses security enforcement and architectural patterns

error: direct sqlx type usage detected: `sqlx::Error` (DE0706)
  --> $DIR/bad_sqlx_types.rs:15:16
   |
LL | type DbError = sqlx::Error;
   |                ^^^^^^^^^^^
   |
   = help: use Sea-ORM EntityTrait or SecORM abstractions instead
   = note: sqlx bypasses security enforcement and architectural patterns

error: direct sqlx type usage detected: `sqlx::Error` (DE0706)
  --> $DIR/bad_sqlx_types.rs:19:9
   |
LL |     Err(sqlx::Error),
   |         ^^^^^^^^^^^
   |
   = help: use Sea-ORM EntityTrait or SecORM abstractions instead
   = note: sqlx bypasses security enforcement and architectural patterns

error: direct sqlx type usage detected: `sqlx::Error` (DE0706)
  --> $DIR/bad_sqlx_types.rs:23:31
   |
LL | fn nested_generic() -> Option<sqlx::Error> {
   |                               ^^^^^^^^^^^
   |
   = help: use Sea-ORM EntityTrait or SecORM abstractions instead
   = note: sqlx bypasses security enforcement and architectural patterns

error: aborting due to 5 previous errors

