error: manual byte-zeroing in `Drop::drop` may be eliminated by the optimizer (DE0707)
  --> $DIR/bad_drop_zeroing.rs:12:9
   |
LL |         self.data.fill(0);
   |         ^^^^^^^^^^^^^^^^^
   |
   = help: use `secrecy::SecretBox` or `zeroize`: `.zeroize()` / `#[derive(ZeroizeOnDrop)]`
   = note: LLVM dead-store elimination can legally remove writes that are never read; `zeroize` uses a compiler fence to prevent this
   = note: `#[deny(de0707_drop_zeroize)]` on by default

error: manual byte-zeroing in `Drop::drop` may be eliminated by the optimizer (DE0707)
  --> $DIR/bad_drop_zeroing.rs:24:13
   |
LL |             *b = 0;
   |             ^^^^^^
   |
   = help: use `secrecy::SecretBox` or `zeroize`: `.zeroize()` / `#[derive(ZeroizeOnDrop)]`
   = note: LLVM dead-store elimination can legally remove writes that are never read; `zeroize` uses a compiler fence to prevent this

error: manual byte-zeroing in `Drop::drop` may be eliminated by the optimizer (DE0707)
  --> $DIR/bad_drop_zeroing.rs:38:13
   |
LL |             std::ptr::write_bytes(self.data, 0, self.len);
   |             ^^^^^^^^^^^^^^^^^^^^^^^^^^^^^^^^^^^^^^^^^^^^^
   |
   = help: use `secrecy::SecretBox` or `zeroize`: `.zeroize()` / `#[derive(ZeroizeOnDrop)]`
   = note: LLVM dead-store elimination can legally remove writes that are never read; `zeroize` uses a compiler fence to prevent this

error: aborting due to 3 previous errors

