error: operation builder missing .tag() and .summary() calls
  --> $DIR/missing_tag.rs:7:47
   |
LL |     let router1: OperationBuilder<_, _, ()> = OperationBuilder::post("/resources")
   |                                               ^^^^^^^^^^^^^^^^^^^^^^^^^^^^^^^^^^^^
   |
   = help: add .tag("Your Tag") with properly formatted tag
   = note: tags must contain whitespace-separated words, each starting with a capital letter
   = help: add .summary("Your summary") with a meaningful description
   = note: `#[deny(de0205_operation_builder)]` on by default

error: operation builder missing .tag() and .summary() calls
  --> $DIR/missing_tag.rs:11:47
   |
LL |     let router2: OperationBuilder<_, _, ()> = OperationBuilder::get("/resources/{id}")
   |                                               ^^^^^^^^^^^^^^^^^^^^^^^^^^^^^^^^^^^^^^^^
   |
   = help: add .tag("Your Tag") with properly formatted tag
   = note: tags must contain whitespace-separated words, each starting with a capital letter
   = help: add .summary("Your summary") with a meaningful description

error: aborting due to 2 previous errors

