error: contract type should not derive `Serialize` (DE0101)
  --> $DIR/qualified_paths.rs:4:1
   |
LL | #[derive(Debug, Clone, serde::Serialize)]
   | ^^^^^^^^^^^^^^^^^^^^^^^^^^^^^^^^^^^^^^^^^
   |
   = help: remove serde derives from contract models; use DTOs in the API layer
   = note: `#[deny(de0101_no_serde_in_contract)]` on by default

error: contract type should not derive `Deserialize` (DE0101)
  --> $DIR/qualified_paths.rs:11:1
   |
LL | #[derive(Debug, serde::Deserialize)]
   | ^^^^^^^^^^^^^^^^^^^^^^^^^^^^^^^^^^^^
   |
   = help: remove serde derives from contract models; use DTOs in the API layer

error: contract type should not derive `Serialize` (DE0101)
  --> $DIR/qualified_paths.rs:18:1
   |
LL | #[derive(serde::Serialize, serde::Deserialize)]
   | ^^^^^^^^^^^^^^^^^^^^^^^^^^^^^^^^^^^^^^^^^^^^^^^
   |
   = help: remove serde derives from contract models; use DTOs in the API layer

error: contract type should not derive `Deserialize` (DE0101)
  --> $DIR/qualified_paths.rs:18:1
   |
LL | #[derive(serde::Serialize, serde::Deserialize)]
   | ^^^^^^^^^^^^^^^^^^^^^^^^^^^^^^^^^^^^^^^^^^^^^^^
   |
   = help: remove serde derives from contract models; use DTOs in the API layer

error: aborting due to 4 previous errors

