error: contract type should not derive `Serialize` (DE0101)
  --> $DIR/serialize_deserialize.rs:6:1
   |
LL | #[derive(Debug, Clone, Serialize, Deserialize)]
   | ^^^^^^^^^^^^^^^^^^^^^^^^^^^^^^^^^^^^^^^^^^^^^^^
   |
   = help: remove serde derives from contract models; use DTOs in the API layer
   = note: `#[deny(de0101_no_serde_in_contract)]` on by default

error: contract type should not derive `Deserialize` (DE0101)
  --> $DIR/serialize_deserialize.rs:6:1
   |
LL | #[derive(Debug, Clone, Serialize, Deserialize)]
   | ^^^^^^^^^^^^^^^^^^^^^^^^^^^^^^^^^^^^^^^^^^^^^^^
   |
   = help: remove serde derives from contract models; use DTOs in the API layer

error: contract type should not derive `Serialize` (DE0101)
  --> $DIR/serialize_deserialize.rs:14:1
   |
LL | #[derive(Debug, Clone, Serialize)]
   | ^^^^^^^^^^^^^^^^^^^^^^^^^^^^^^^^^^
   |
   = help: remove serde derives from contract models; use DTOs in the API layer

error: contract type should not derive `Deserialize` (DE0101)
  --> $DIR/serialize_deserialize.rs:22:1
   |
LL | #[derive(Debug, Clone, Deserialize)]
   | ^^^^^^^^^^^^^^^^^^^^^^^^^^^^^^^^^^^^
   |
   = help: remove serde derives from contract models; use DTOs in the API layer

error: contract type should not derive `Serialize` (DE0101)
  --> $DIR/serialize_deserialize.rs:38:1
   |
LL | #[derive(Debug, Clone, Serialize, Deserialize)]
   | ^^^^^^^^^^^^^^^^^^^^^^^^^^^^^^^^^^^^^^^^^^^^^^^
   |
   = help: remove serde derives from contract models; use DTOs in the API layer

error: contract type should not derive `Deserialize` (DE0101)
  --> $DIR/serialize_deserialize.rs:38:1
   |
LL | #[derive(Debug, Clone, Serialize, Deserialize)]
   | ^^^^^^^^^^^^^^^^^^^^^^^^^^^^^^^^^^^^^^^^^^^^^^^
   |
   = help: remove serde derives from contract models; use DTOs in the API layer

error: aborting due to 6 previous errors

