error: contract module imports HTTP type (DE0103)
  --> $DIR/http_imports.rs:3:1
   |
LL | use http::StatusCode;
   | ^^^^^^^^^^^^^^^^^^^^^
   |
   = help: contract modules should be transport-agnostic; move HTTP types to api/rest/
   = note: `#[deny(de0103_no_http_types_in_contract)]` on by default

error: contract module imports HTTP type (DE0103)
  --> $DIR/http_imports.rs:5:1
   |
LL | use http::Method;
   | ^^^^^^^^^^^^^^^^^
   |
   = help: contract modules should be transport-agnostic; move HTTP types to api/rest/

error: contract module imports HTTP type (DE0103)
  --> $DIR/http_imports.rs:7:1
   |
LL | use axum::http::HeaderMap;
   | ^^^^^^^^^^^^^^^^^^^^^^^^^^
   |
   = help: contract modules should be transport-agnostic; move HTTP types to api/rest/

error: aborting due to 3 previous errors

