error: contract type should not derive `ToSchema` (DE0102)
  --> $DIR/toschema.rs:6:1
   |
LL | #[derive(Debug, Clone, ToSchema)]
   | ^^^^^^^^^^^^^^^^^^^^^^^^^^^^^^^^^
   |
   = help: ToSchema is an OpenAPI concern; use DTOs in api/rest/ instead
   = note: `#[deny(de0102_no_toschema_in_contract)]` on by default

error: contract type should not derive `ToSchema` (DE0102)
  --> $DIR/toschema.rs:15:1
   |
LL | #[derive(Debug, Clone, ToSchema)]
   | ^^^^^^^^^^^^^^^^^^^^^^^^^^^^^^^^^
   |
   = help: ToSchema is an OpenAPI concern; use DTOs in api/rest/ instead

error: contract type should not derive `ToSchema` (DE0102)
  --> $DIR/toschema.rs:23:1
   |
LL | #[derive(Debug, Clone, ToSchema)]
   | ^^^^^^^^^^^^^^^^^^^^^^^^^^^^^^^^^
   |
   = help: ToSchema is an OpenAPI concern; use DTOs in api/rest/ instead

error: aborting due to 3 previous errors

